<!doctype html>
<html lang="en"><head><meta charSet="utf-8"/><meta http-equiv="X-UA-Compatible" content="IE=edge"/><meta name="viewport" content="width=device-width, initial-scale=1"/><title>index.html</title><link rel="stylesheet" href="assets/app.css"/></head><body data-raw="{&quot;stats&quot;:{&quot;suites&quot;:3,&quot;tests&quot;:8,&quot;passes&quot;:6,&quot;pending&quot;:0,&quot;failures&quot;:2,&quot;start&quot;:&quot;2022-03-09T14:14:59.554Z&quot;,&quot;end&quot;:&quot;2022-03-09T14:22:58.838Z&quot;,&quot;duration&quot;:403494,&quot;testsRegistered&quot;:8,&quot;passPercent&quot;:75,&quot;pendingPercent&quot;:0,&quot;other&quot;:0,&quot;hasOther&quot;:false,&quot;skipped&quot;:0,&quot;hasSkipped&quot;:false},&quot;results&quot;:[{&quot;uuid&quot;:&quot;dd592ccc-3312-4de7-8b79-cf3a068c8e07&quot;,&quot;title&quot;:&quot;&quot;,&quot;fullFile&quot;:&quot;cypress/integration/toolTests.js&quot;,&quot;file&quot;:&quot;cypress/integration/toolTests.js&quot;,&quot;beforeHooks&quot;:[],&quot;afterHooks&quot;:[],&quot;tests&quot;:[],&quot;suites&quot;:[{&quot;uuid&quot;:&quot;f56267b4-ffae-4219-ae55-0c1cd23ed58d&quot;,&quot;title&quot;:&quot;toolTests live desktop&quot;,&quot;fullFile&quot;:&quot;&quot;,&quot;file&quot;:&quot;&quot;,&quot;beforeHooks&quot;:[],&quot;afterHooks&quot;:[],&quot;tests&quot;:[{&quot;title&quot;:&quot;Word play nakdan&quot;,&quot;fullTitle&quot;:&quot;toolTests live desktop Word play nakdan&quot;,&quot;timedOut&quot;:null,&quot;duration&quot;:41878,&quot;state&quot;:&quot;failed&quot;,&quot;speed&quot;:null,&quot;pass&quot;:false,&quot;fail&quot;:true,&quot;pending&quot;:false,&quot;context&quot;:&quot;\&quot;videos/toolTests.js.mp4\&quot;&quot;,&quot;code&quot;:&quot;cy.wordplayRun();\ncy.get(&#x27;#common-results&#x27;, {\n  timeout: 60000\n}).should(&#x27;contain&#x27;, &#x27;נַפְשָׁם&#x27;);&quot;,&quot;err&quot;:{&quot;message&quot;:&quot;CypressError: `cy.visit()` failed trying to load:\n\nhttps://wordplay.dicta.org.il/\n\nThe response we received from your web server was:\n\n  &gt; 500: Internal Server Error\n\nThis was considered a failure because the status code was not `2xx`.\n\nIf you do not want status codes to cause failures pass the option: `failOnStatusCode: false`\n\nBecause this error occurred during a `before each` hook we are skipping the remaining tests in the current suite: `toolTests live desktop`&quot;,&quot;estack&quot;:&quot;CypressError: `cy.visit()` failed trying to load:\n\nhttps://wordplay.dicta.org.il/\n\nThe response we received from your web server was:\n\n  &gt; 500: Internal Server Error\n\nThis was considered a failure because the status code was not `2xx`.\n\nIf you do not want status codes to cause failures pass the option: `failOnStatusCode: false`\n\nBecause this error occurred during a `before each` hook we are skipping the remaining tests in the current suite: `toolTests live desktop`\ngo/&lt;/&lt;@https://dev--silly-brown-3b035d.netlify.app/__cypress/runner/cypress_runner.js:144027:25\nvisitFailedByErr@https://dev--silly-brown-3b035d.netlify.app/__cypress/runner/cypress_runner.js:143402:12\ngo/&lt;@https://dev--silly-brown-3b035d.netlify.app/__cypress/runner/cypress_runner.js:144007:29\ntryCatcher@https://dev--silly-brown-3b035d.netlify.app/__cypress/runner/cypress_runner.js:13212:23\n../../node_modules/bluebird/js/release/promise.js/&lt;/module.exports/Promise.prototype._settlePromiseFromHandler@https://dev--silly-brown-3b035d.netlify.app/__cypress/runner/cypress_runner.js:11147:31\n../../node_modules/bluebird/js/release/promise.js/&lt;/module.exports/Promise.prototype._settlePromise@https://dev--silly-brown-3b035d.netlify.app/__cypress/runner/cypress_runner.js:11204:18\n../../node_modules/bluebird/js/release/promise.js/&lt;/module.exports/Promise.prototype._settlePromise0@https://dev--silly-brown-3b035d.netlify.app/__cypress/runner/cypress_runner.js:11249:10\n../../node_modules/bluebird/js/release/promise.js/&lt;/module.exports/Promise.prototype._settlePromises@https://dev--silly-brown-3b035d.netlify.app/__cypress/runner/cypress_runner.js:11325:18\n_drainQueueStep@https://dev--silly-brown-3b035d.netlify.app/__cypress/runner/cypress_runner.js:7919:12\n_drainQueue@https://dev--silly-brown-3b035d.netlify.app/__cypress/runner/cypress_runner.js:7912:24\n../../node_modules/bluebird/js/release/async.js/&lt;/Async.prototype._drainQueues@https://dev--silly-brown-3b035d.netlify.app/__cypress/runner/cypress_runner.js:7928:16\nAsync/this.drainQueues@https://dev--silly-brown-3b035d.netlify.app/__cypress/runner/cypress_runner.js:7798:14\nFrom Your Spec Code:\n    shouldFn@https://dev--silly-brown-3b035d.netlify.app/__cypress/runner/cypress_runner.js:140761:18\n    should@https://dev--silly-brown-3b035d.netlify.app/__cypress/runner/cypress_runner.js:140878:23\n    injectAssertion/&lt;@https://dev--silly-brown-3b035d.netlify.app/__cypress/runner/cypress_runner.js:136486:39\n    assertions@https://dev--silly-brown-3b035d.netlify.app/__cypress/runner/cypress_runner.js:136738:14\n    tryCatcher@https://dev--silly-brown-3b035d.netlify.app/__cypress/runner/cypress_runner.js:13212:23\n    gotValue@https://dev--silly-brown-3b035d.netlify.app/__cypress/runner/cypress_runner.js:12356:18\n    gotAccum@https://dev--silly-brown-3b035d.netlify.app/__cypress/runner/cypress_runner.js:12343:25\n    tryCatcher@https://dev--silly-brown-3b035d.netlify.app/__cypress/runner/cypress_runner.js:13212:23\n    ../../node_modules/bluebird/js/release/promise.js/&lt;/module.exports/Promise.prototype._settlePromiseFromHandler@https://dev--silly-brown-3b035d.netlify.app/__cypress/runner/cypress_runner.js:11147:31\n    ../../node_modules/bluebird/js/release/promise.js/&lt;/module.exports/Promise.prototype._settlePromise@https://dev--silly-brown-3b035d.netlify.app/__cypress/runner/cypress_runner.js:11204:18\n    ../../node_modules/bluebird/js/release/promise.js/&lt;/module.exports/Promise.prototype._settlePromiseCtx@https://dev--silly-brown-3b035d.netlify.app/__cypress/runner/cypress_runner.js:11241:10\n    _drainQueueStep@https://dev--silly-brown-3b035d.netlify.app/__cypress/runner/cypress_runner.js:7923:12\n    _drainQueue@https://dev--silly-brown-3b035d.netlify.app/__cypress/runner/cypress_runner.js:7912:24\n    ../../node_modules/bluebird/js/release/async.js/&lt;/Async.prototype._drainQueues@https://dev--silly-brown-3b035d.netlify.app/__cypress/runner/cypress_runner.js:7928:16\n    Async/this.drainQueues@https://dev--silly-brown-3b035d.netlify.app/__cypress/runner/cypress_runner.js:7798:14\n&quot;,&quot;diff&quot;:null},&quot;uuid&quot;:&quot;41e3e852-4af2-4901-a6e1-d59aeffcdfd7&quot;,&quot;parentUUID&quot;:&quot;f56267b4-ffae-4219-ae55-0c1cd23ed58d&quot;,&quot;isHook&quot;:false,&quot;skipped&quot;:false}],&quot;suites&quot;:[],&quot;passes&quot;:[],&quot;failures&quot;:[&quot;41e3e852-4af2-4901-a6e1-d59aeffcdfd7&quot;],&quot;pending&quot;:[],&quot;skipped&quot;:[],&quot;duration&quot;:41878,&quot;root&quot;:false,&quot;rootEmpty&quot;:false,&quot;_timeout&quot;:2000},{&quot;uuid&quot;:&quot;91c4f4f5-cbe5-4332-9bec-6535e3831e35&quot;,&quot;title&quot;:&quot;toolTests dev desktop&quot;,&quot;fullFile&quot;:&quot;&quot;,&quot;file&quot;:&quot;&quot;,&quot;beforeHooks&quot;:[],&quot;afterHooks&quot;:[],&quot;tests&quot;:[{&quot;title&quot;:&quot;Word play nakdan&quot;,&quot;fullTitle&quot;:&quot;toolTests dev desktop Word play nakdan&quot;,&quot;timedOut&quot;:null,&quot;duration&quot;:88721,&quot;state&quot;:&quot;failed&quot;,&quot;speed&quot;:null,&quot;pass&quot;:false,&quot;fail&quot;:true,&quot;pending&quot;:false,&quot;context&quot;:&quot;\&quot;videos/toolTests.js.mp4\&quot;&quot;,&quot;code&quot;:&quot;cy.wordplayRun();\ncy.get(&#x27;#common-results&#x27;, {\n  timeout: 60000\n}).should(&#x27;contain&#x27;, &#x27;נַפְשָׁם&#x27;);&quot;,&quot;err&quot;:{&quot;message&quot;:&quot;AssertionError: Timed out retrying after 10000ms: expected 4 to be below 4\n\nBecause this error occurred during a `before each` hook we are skipping the remaining tests in the current suite: `toolTests dev desktop`&quot;,&quot;estack&quot;:&quot;AssertionError: Timed out retrying after 10000ms: expected 4 to be below 4\n\nBecause this error occurred during a `before each` hook we are skipping the remaining tests in the current suite: `toolTests dev desktop`\n    visitpage@https://dev--silly-brown-3b035d.netlify.app/__cypress/tests?p=cypress/support/index.js:360:23\n    visitpage/&lt;/&lt;@https://dev--silly-brown-3b035d.netlify.app/__cypress/tests?p=cypress/support/index.js:372:20\n    getRet@https://dev--silly-brown-3b035d.netlify.app/__cypress/runner/cypress_runner.js:141251:20\n    tryCatcher@https://dev--silly-brown-3b035d.netlify.app/__cypress/runner/cypress_runner.js:13212:23\n    ../../node_modules/bluebird/js/release/method.js/module.exports/Promise.try@https://dev--silly-brown-3b035d.netlify.app/__cypress/runner/cypress_runner.js:10486:29\n    thenFn@https://dev--silly-brown-3b035d.netlify.app/__cypress/runner/cypress_runner.js:141269:20\n    then@https://dev--silly-brown-3b035d.netlify.app/__cypress/runner/cypress_runner.js:141721:21\n    wrapByType/&lt;@https://dev--silly-brown-3b035d.netlify.app/__cypress/runner/cypress_runner.js:157772:21\n    runCommand/&lt;@https://dev--silly-brown-3b035d.netlify.app/__cypress/runner/cypress_runner.js:156482:15\n    tryCatcher@https://dev--silly-brown-3b035d.netlify.app/__cypress/runner/cypress_runner.js:13212:23\n    ../../node_modules/bluebird/js/release/promise.js/&lt;/module.exports/Promise.prototype._settlePromiseFromHandler@https://dev--silly-brown-3b035d.netlify.app/__cypress/runner/cypress_runner.js:11147:31\n    ../../node_modules/bluebird/js/release/promise.js/&lt;/module.exports/Promise.prototype._settlePromise@https://dev--silly-brown-3b035d.netlify.app/__cypress/runner/cypress_runner.js:11204:18\n    ../../node_modules/bluebird/js/release/promise.js/&lt;/module.exports/Promise.prototype._settlePromiseCtx@https://dev--silly-brown-3b035d.netlify.app/__cypress/runner/cypress_runner.js:11241:10\n    _drainQueueStep@https://dev--silly-brown-3b035d.netlify.app/__cypress/runner/cypress_runner.js:7923:12\n    _drainQueue@https://dev--silly-brown-3b035d.netlify.app/__cypress/runner/cypress_runner.js:7912:24\n    ../../node_modules/bluebird/js/release/async.js/&lt;/Async.prototype._drainQueues@https://dev--silly-brown-3b035d.netlify.app/__cypress/runner/cypress_runner.js:7928:16\n    Async/this.drainQueues@https://dev--silly-brown-3b035d.netlify.app/__cypress/runner/cypress_runner.js:7798:14\n&quot;,&quot;diff&quot;:&quot;&quot;},&quot;uuid&quot;:&quot;ddb0177e-a18e-485f-b3ca-adf2dd89191a&quot;,&quot;parentUUID&quot;:&quot;91c4f4f5-cbe5-4332-9bec-6535e3831e35&quot;,&quot;isHook&quot;:false,&quot;skipped&quot;:false}],&quot;suites&quot;:[],&quot;passes&quot;:[],&quot;failures&quot;:[&quot;ddb0177e-a18e-485f-b3ca-adf2dd89191a&quot;],&quot;pending&quot;:[],&quot;skipped&quot;:[],&quot;duration&quot;:88721,&quot;root&quot;:false,&quot;rootEmpty&quot;:false,&quot;_timeout&quot;:2000}],&quot;passes&quot;:[],&quot;failures&quot;:[],&quot;pending&quot;:[],&quot;skipped&quot;:[],&quot;duration&quot;:0,&quot;root&quot;:true,&quot;rootEmpty&quot;:true,&quot;_timeout&quot;:2000},{&quot;uuid&quot;:&quot;11d228e2-df7f-4ccf-8423-2a547dfc86d9&quot;,&quot;title&quot;:&quot;&quot;,&quot;fullFile&quot;:&quot;cypress/integration/toolTests.js&quot;,&quot;file&quot;:&quot;cypress/integration/toolTests.js&quot;,&quot;beforeHooks&quot;:[],&quot;afterHooks&quot;:[],&quot;tests&quot;:[],&quot;suites&quot;:[{&quot;uuid&quot;:&quot;9a063a8d-1bb1-495f-9cbe-661cf7a8db45&quot;,&quot;title&quot;:&quot;toolTests live desktop&quot;,&quot;fullFile&quot;:&quot;&quot;,&quot;file&quot;:&quot;&quot;,&quot;beforeHooks&quot;:[],&quot;afterHooks&quot;:[],&quot;tests&quot;:[{&quot;title&quot;:&quot;Word play nakdan&quot;,&quot;fullTitle&quot;:&quot;toolTests live desktop Word play nakdan&quot;,&quot;timedOut&quot;:null,&quot;duration&quot;:2746,&quot;state&quot;:&quot;passed&quot;,&quot;speed&quot;:&quot;slow&quot;,&quot;pass&quot;:true,&quot;fail&quot;:false,&quot;pending&quot;:false,&quot;context&quot;:&quot;\&quot;videos/toolTests.js.mp4\&quot;&quot;,&quot;code&quot;:&quot;cy.wordplayRun();\ncy.get(&#x27;#common-results&#x27;, {\n  timeout: 60000\n}).should(&#x27;contain&#x27;, &#x27;נַפְשָׁם&#x27;);&quot;,&quot;err&quot;:{},&quot;uuid&quot;:&quot;15afe59e-018f-4519-b584-f09c9a4c2fb4&quot;,&quot;parentUUID&quot;:&quot;9a063a8d-1bb1-495f-9cbe-661cf7a8db45&quot;,&quot;isHook&quot;:false,&quot;skipped&quot;:false}],&quot;suites&quot;:[],&quot;passes&quot;:[&quot;15afe59e-018f-4519-b584-f09c9a4c2fb4&quot;],&quot;failures&quot;:[],&quot;pending&quot;:[],&quot;skipped&quot;:[],&quot;duration&quot;:2746,&quot;root&quot;:false,&quot;rootEmpty&quot;:false,&quot;_timeout&quot;:2000},{&quot;uuid&quot;:&quot;cc20c792-4682-4813-b7df-95043721feea&quot;,&quot;title&quot;:&quot;toolTests dev desktop&quot;,&quot;fullFile&quot;:&quot;&quot;,&quot;file&quot;:&quot;&quot;,&quot;beforeHooks&quot;:[],&quot;afterHooks&quot;:[],&quot;tests&quot;:[{&quot;title&quot;:&quot;Word play nakdan&quot;,&quot;fullTitle&quot;:&quot;toolTests dev desktop Word play nakdan&quot;,&quot;timedOut&quot;:null,&quot;duration&quot;:2094,&quot;state&quot;:&quot;passed&quot;,&quot;speed&quot;:&quot;slow&quot;,&quot;pass&quot;:true,&quot;fail&quot;:false,&quot;pending&quot;:false,&quot;context&quot;:&quot;\&quot;videos/toolTests.js.mp4\&quot;&quot;,&quot;code&quot;:&quot;cy.wordplayRun();\ncy.get(&#x27;#common-results&#x27;, {\n  timeout: 60000\n}).should(&#x27;contain&#x27;, &#x27;נַפְשָׁם&#x27;);&quot;,&quot;err&quot;:{},&quot;uuid&quot;:&quot;8413c7fd-25ac-424d-9b12-35f2de63c4b4&quot;,&quot;parentUUID&quot;:&quot;cc20c792-4682-4813-b7df-95043721feea&quot;,&quot;isHook&quot;:false,&quot;skipped&quot;:false}],&quot;suites&quot;:[],&quot;passes&quot;:[&quot;8413c7fd-25ac-424d-9b12-35f2de63c4b4&quot;],&quot;failures&quot;:[],&quot;pending&quot;:[],&quot;skipped&quot;:[],&quot;duration&quot;:2094,&quot;root&quot;:false,&quot;rootEmpty&quot;:false,&quot;_timeout&quot;:2000}],&quot;passes&quot;:[],&quot;failures&quot;:[],&quot;pending&quot;:[],&quot;skipped&quot;:[],&quot;duration&quot;:0,&quot;root&quot;:true,&quot;rootEmpty&quot;:true,&quot;_timeout&quot;:2000},{&quot;uuid&quot;:&quot;cfe70892-c173-4ae6-861f-40501816f13f&quot;,&quot;title&quot;:&quot;&quot;,&quot;fullFile&quot;:&quot;cypress/integration/requestsTests.js&quot;,&quot;file&quot;:&quot;cypress/integration/requestsTests.js&quot;,&quot;beforeHooks&quot;:[],&quot;afterHooks&quot;:[],&quot;tests&quot;:[],&quot;suites&quot;:[{&quot;uuid&quot;:&quot;d461df0d-674a-4f31-a3f5-5662ce1fd6ea&quot;,&quot;title&quot;:&quot;RequestsTests live desktop&quot;,&quot;fullFile&quot;:&quot;&quot;,&quot;file&quot;:&quot;&quot;,&quot;beforeHooks&quot;:[],&quot;afterHooks&quot;:[],&quot;tests&quot;:[{&quot;title&quot;:&quot;Error message for api response with status code 500 when clicking the run button of wordplay page&quot;,&quot;fullTitle&quot;:&quot;RequestsTests live desktop Error message for api response with status code 500 when clicking the run button of wordplay page&quot;,&quot;timedOut&quot;:null,&quot;duration&quot;:3315,&quot;state&quot;:&quot;passed&quot;,&quot;speed&quot;:&quot;slow&quot;,&quot;pass&quot;:true,&quot;fail&quot;:false,&quot;pending&quot;:false,&quot;context&quot;:&quot;\&quot;videos/requestsTests.js.mp4\&quot;&quot;,&quot;code&quot;:&quot;cy.wordplayRequest({\n  url: &#x27;api&#x27;,\n  status: 500,\n  message: &#x27;אופס יש לנו בעיה נסו שנית, או בקרו באתר מאוחר יותר&#x27;\n});&quot;,&quot;err&quot;:{},&quot;uuid&quot;:&quot;9699f4b6-7a4c-490e-b5d4-75f86789e7c7&quot;,&quot;parentUUID&quot;:&quot;d461df0d-674a-4f31-a3f5-5662ce1fd6ea&quot;,&quot;isHook&quot;:false,&quot;skipped&quot;:false},{&quot;title&quot;:&quot;Error message for api response with a delay of 3 minutes when clicking the run button of wordplay page&quot;,&quot;fullTitle&quot;:&quot;RequestsTests live desktop Error message for api response with a delay of 3 minutes when clicking the run button of wordplay page&quot;,&quot;timedOut&quot;:null,&quot;duration&quot;:131560,&quot;state&quot;:&quot;passed&quot;,&quot;speed&quot;:&quot;slow&quot;,&quot;pass&quot;:true,&quot;fail&quot;:false,&quot;pending&quot;:false,&quot;context&quot;:&quot;\&quot;videos/requestsTests.js.mp4\&quot;&quot;,&quot;code&quot;:&quot;cy.wordplayRequest({\n  url: &#x27;api&#x27;,\n  message: &#x27;אופס יש לנו בעיה נסו שנית, או בקרו באתר מאוחר יותר&#x27;,\n  delaySeconds: 60 * 3\n});&quot;,&quot;err&quot;:{},&quot;uuid&quot;:&quot;cd3b7fc1-c884-49bd-bb4b-f1b07eb0b5dc&quot;,&quot;parentUUID&quot;:&quot;d461df0d-674a-4f31-a3f5-5662ce1fd6ea&quot;,&quot;isHook&quot;:false,&quot;skipped&quot;:false}],&quot;suites&quot;:[],&quot;passes&quot;:[&quot;9699f4b6-7a4c-490e-b5d4-75f86789e7c7&quot;,&quot;cd3b7fc1-c884-49bd-bb4b-f1b07eb0b5dc&quot;],&quot;failures&quot;:[],&quot;pending&quot;:[],&quot;skipped&quot;:[],&quot;duration&quot;:134875,&quot;root&quot;:false,&quot;rootEmpty&quot;:false,&quot;_timeout&quot;:2000},{&quot;uuid&quot;:&quot;a87b57dc-18e7-41c0-982e-4b463df55006&quot;,&quot;title&quot;:&quot;RequestsTests dev desktop&quot;,&quot;fullFile&quot;:&quot;&quot;,&quot;file&quot;:&quot;&quot;,&quot;beforeHooks&quot;:[],&quot;afterHooks&quot;:[],&quot;tests&quot;:[{&quot;title&quot;:&quot;Error message for api response with status code 500 when clicking the run button of wordplay page&quot;,&quot;fullTitle&quot;:&quot;RequestsTests dev desktop Error message for api response with status code 500 when clicking the run button of wordplay page&quot;,&quot;timedOut&quot;:null,&quot;duration&quot;:1971,&quot;state&quot;:&quot;passed&quot;,&quot;speed&quot;:&quot;slow&quot;,&quot;pass&quot;:true,&quot;fail&quot;:false,&quot;pending&quot;:false,&quot;context&quot;:&quot;\&quot;videos/requestsTests.js.mp4\&quot;&quot;,&quot;code&quot;:&quot;cy.wordplayRequest({\n  url: &#x27;api&#x27;,\n  status: 500,\n  message: &#x27;אופס יש לנו בעיה נסו שנית, או בקרו באתר מאוחר יותר&#x27;\n});&quot;,&quot;err&quot;:{},&quot;uuid&quot;:&quot;b7916562-12cb-4e02-8ea8-73f3a0c598ca&quot;,&quot;parentUUID&quot;:&quot;a87b57dc-18e7-41c0-982e-4b463df55006&quot;,&quot;isHook&quot;:false,&quot;skipped&quot;:false},{&quot;title&quot;:&quot;Error message for api response with a delay of 3 minutes when clicking the run button of wordplay page&quot;,&quot;fullTitle&quot;:&quot;RequestsTests dev desktop Error message for api response with a delay of 3 minutes when clicking the run button of wordplay page&quot;,&quot;timedOut&quot;:null,&quot;duration&quot;:131209,&quot;state&quot;:&quot;passed&quot;,&quot;speed&quot;:&quot;slow&quot;,&quot;pass&quot;:true,&quot;fail&quot;:false,&quot;pending&quot;:false,&quot;context&quot;:&quot;\&quot;videos/requestsTests.js.mp4\&quot;&quot;,&quot;code&quot;:&quot;cy.wordplayRequest({\n  url: &#x27;api&#x27;,\n  message: &#x27;אופס יש לנו בעיה נסו שנית, או בקרו באתר מאוחר יותר&#x27;,\n  delaySeconds: 60 * 3\n});&quot;,&quot;err&quot;:{},&quot;uuid&quot;:&quot;38433cc2-98e7-413a-936e-2c7531b80b68&quot;,&quot;parentUUID&quot;:&quot;a87b57dc-18e7-41c0-982e-4b463df55006&quot;,&quot;isHook&quot;:false,&quot;skipped&quot;:false}],&quot;suites&quot;:[],&quot;passes&quot;:[&quot;b7916562-12cb-4e02-8ea8-73f3a0c598ca&quot;,&quot;38433cc2-98e7-413a-936e-2c7531b80b68&quot;],&quot;failures&quot;:[],&quot;pending&quot;:[],&quot;skipped&quot;:[],&quot;duration&quot;:133180,&quot;root&quot;:false,&quot;rootEmpty&quot;:false,&quot;_timeout&quot;:2000}],&quot;passes&quot;:[],&quot;failures&quot;:[],&quot;pending&quot;:[],&quot;skipped&quot;:[],&quot;duration&quot;:0,&quot;root&quot;:true,&quot;rootEmpty&quot;:true,&quot;_timeout&quot;:2000}],&quot;meta&quot;:{&quot;mocha&quot;:{&quot;version&quot;:&quot;7.0.1&quot;},&quot;mochawesome&quot;:{&quot;options&quot;:{&quot;quiet&quot;:false,&quot;reportFilename&quot;:&quot;mochawesome&quot;,&quot;saveHtml&quot;:false,&quot;saveJson&quot;:true,&quot;consoleReporter&quot;:&quot;spec&quot;,&quot;useInlineDiffs&quot;:false,&quot;code&quot;:true},&quot;version&quot;:&quot;6.2.2&quot;},&quot;marge&quot;:{&quot;options&quot;:{&quot;id&quot;:&quot;default&quot;,&quot;reportDir&quot;:&quot;cypress/results/json&quot;,&quot;overwrite&quot;:false,&quot;html&quot;:false,&quot;json&quot;:true},&quot;version&quot;:&quot;5.2.0&quot;}}}" data-config="{&quot;reportFilename&quot;:&quot;index&quot;,&quot;reportDir&quot;:&quot;public&quot;,&quot;reportTitle&quot;:&quot;dicta-word-play&quot;,&quot;reportPageTitle&quot;:&quot;index.html&quot;,&quot;inline&quot;:false,&quot;inlineAssets&quot;:false,&quot;assetsDir&quot;:&quot;public/assets&quot;,&quot;cdn&quot;:false,&quot;charts&quot;:false,&quot;enableCharts&quot;:false,&quot;code&quot;:true,&quot;enableCode&quot;:true,&quot;autoOpen&quot;:false,&quot;overwrite&quot;:true,&quot;timestamp&quot;:false,&quot;ts&quot;:false,&quot;showPassed&quot;:true,&quot;showFailed&quot;:true,&quot;showPending&quot;:true,&quot;showSkipped&quot;:false,&quot;showHooks&quot;:&quot;failed&quot;,&quot;saveJson&quot;:false,&quot;saveHtml&quot;:true,&quot;dev&quot;:false,&quot;htmlFile&quot;:&quot;/__w/dicta-word-play/dicta-word-play/public/index.html&quot;}"><div id="report"></div><script src="assets/app.js"></script></body></html>